<?xml version="1.0" encoding="UTF-8"?>
<testng-results ignored="0" total="3" passed="2" failed="1" skipped="0">
  <reporter-output>
  </reporter-output>
  <suite started-at="2021-11-09T19:41:28 PST" name="Default suite" finished-at="2021-11-09T19:41:42 PST" duration-ms="13385">
    <groups>
    </groups>
    <test started-at="2021-11-09T19:41:28 PST" name="Default test" finished-at="2021-11-09T19:41:42 PST" duration-ms="13385">
      <class name="com.qa.zerobank.testcases.LoginPageTestCase">
        <test-method is-config="true" signature="setup()[pri:0, instance:com.qa.zerobank.testcases.LoginPageTestCase@6392827e]" started-at="2021-11-09T19:41:28 PST" name="setup" finished-at="2021-11-09T19:41:33 PST" duration-ms="4319" status="PASS">
          <reporter-output>
          </reporter-output>
        </test-method> <!-- setup -->
        <test-method signature="validateBrandLogo()[pri:0, instance:com.qa.zerobank.testcases.LoginPageTestCase@6392827e]" started-at="2021-11-09T19:41:33 PST" name="validateBrandLogo" finished-at="2021-11-09T19:41:33 PST" duration-ms="77" status="PASS">
          <reporter-output>
          </reporter-output>
        </test-method> <!-- validateBrandLogo -->
        <test-method is-config="true" signature="shutdown()[pri:0, instance:com.qa.zerobank.testcases.LoginPageTestCase@6392827e]" started-at="2021-11-09T19:41:33 PST" name="shutdown" finished-at="2021-11-09T19:41:33 PST" duration-ms="202" status="PASS">
          <reporter-output>
          </reporter-output>
        </test-method> <!-- shutdown -->
        <test-method is-config="true" signature="setup()[pri:0, instance:com.qa.zerobank.testcases.LoginPageTestCase@6392827e]" started-at="2021-11-09T19:41:33 PST" name="setup" finished-at="2021-11-09T19:41:36 PST" duration-ms="3107" status="PASS">
          <reporter-output>
          </reporter-output>
        </test-method> <!-- setup -->
        <test-method signature="validateLogInPage()[pri:0, instance:com.qa.zerobank.testcases.LoginPageTestCase@6392827e]" started-at="2021-11-09T19:41:36 PST" name="validateLogInPage" finished-at="2021-11-09T19:41:36 PST" duration-ms="9" status="PASS">
          <reporter-output>
          </reporter-output>
        </test-method> <!-- validateLogInPage -->
        <test-method is-config="true" signature="shutdown()[pri:0, instance:com.qa.zerobank.testcases.LoginPageTestCase@6392827e]" started-at="2021-11-09T19:41:36 PST" name="shutdown" finished-at="2021-11-09T19:41:36 PST" duration-ms="195" status="PASS">
          <reporter-output>
          </reporter-output>
        </test-method> <!-- shutdown -->
        <test-method is-config="true" signature="setup()[pri:0, instance:com.qa.zerobank.testcases.LoginPageTestCase@6392827e]" started-at="2021-11-09T19:41:36 PST" name="setup" finished-at="2021-11-09T19:41:39 PST" duration-ms="2726" status="PASS">
          <reporter-output>
          </reporter-output>
        </test-method> <!-- setup -->
        <test-method signature="validatePageLinks()[pri:0, instance:com.qa.zerobank.testcases.LoginPageTestCase@6392827e]" started-at="2021-11-09T19:41:39 PST" name="validatePageLinks" finished-at="2021-11-09T19:41:42 PST" duration-ms="2545" status="FAIL">
          <exception class="java.lang.AssertionError">
            <message>
              <![CDATA[expected [null] but found [Zero - Log in]]]>
            </message>
            <full-stacktrace>
              <![CDATA[java.lang.AssertionError: expected [null] but found [Zero - Log in]
at org.testng.Assert.fail(Assert.java:99)
at org.testng.Assert.failNotEquals(Assert.java:1037)
at org.testng.Assert.assertEqualsImpl(Assert.java:140)
at org.testng.Assert.assertEquals(Assert.java:122)
at org.testng.Assert.assertEquals(Assert.java:629)
at org.testng.Assert.assertEquals(Assert.java:639)
at com.qa.zerobank.testcases.LoginPageTestCase.validatePageLinks(LoginPageTestCase.java:99)
at java.base/jdk.internal.reflect.NativeMethodAccessorImpl.invoke0(Native Method)
at java.base/jdk.internal.reflect.NativeMethodAccessorImpl.invoke(NativeMethodAccessorImpl.java:77)
at java.base/jdk.internal.reflect.DelegatingMethodAccessorImpl.invoke(DelegatingMethodAccessorImpl.java:43)
at java.base/java.lang.reflect.Method.invoke(Method.java:568)
at org.testng.internal.MethodInvocationHelper.invokeMethod(MethodInvocationHelper.java:133)
at org.testng.internal.TestInvoker.invokeMethod(TestInvoker.java:598)
at org.testng.internal.TestInvoker.invokeTestMethod(TestInvoker.java:173)
at org.testng.internal.MethodRunner.runInSequence(MethodRunner.java:46)
at org.testng.internal.TestInvoker$MethodInvocationAgent.invoke(TestInvoker.java:824)
at org.testng.internal.TestInvoker.invokeTestMethods(TestInvoker.java:146)
at org.testng.internal.TestMethodWorker.invokeTestMethods(TestMethodWorker.java:146)
at org.testng.internal.TestMethodWorker.run(TestMethodWorker.java:128)
at java.base/java.util.ArrayList.forEach(ArrayList.java:1511)
at org.testng.TestRunner.privateRun(TestRunner.java:794)
at org.testng.TestRunner.run(TestRunner.java:596)
at org.testng.SuiteRunner.runTest(SuiteRunner.java:377)
at org.testng.SuiteRunner.runSequentially(SuiteRunner.java:371)
at org.testng.SuiteRunner.privateRun(SuiteRunner.java:332)
at org.testng.SuiteRunner.run(SuiteRunner.java:276)
at org.testng.SuiteRunnerWorker.runSuite(SuiteRunnerWorker.java:53)
at org.testng.SuiteRunnerWorker.run(SuiteRunnerWorker.java:96)
at org.testng.TestNG.runSuitesSequentially(TestNG.java:1212)
at org.testng.TestNG.runSuitesLocally(TestNG.java:1134)
at org.testng.TestNG.runSuites(TestNG.java:1063)
at org.testng.TestNG.run(TestNG.java:1031)
at org.testng.remote.AbstractRemoteTestNG.run(AbstractRemoteTestNG.java:115)
at org.testng.remote.RemoteTestNG.initAndRun(RemoteTestNG.java:251)
at org.testng.remote.RemoteTestNG.main(RemoteTestNG.java:77)
]]>
            </full-stacktrace>
          </exception> <!-- java.lang.AssertionError -->
          <reporter-output>
          </reporter-output>
        </test-method> <!-- validatePageLinks -->
        <test-method is-config="true" signature="shutdown()[pri:0, instance:com.qa.zerobank.testcases.LoginPageTestCase@6392827e]" started-at="2021-11-09T19:41:42 PST" name="shutdown" finished-at="2021-11-09T19:41:42 PST" duration-ms="158" status="PASS">
          <reporter-output>
          </reporter-output>
        </test-method> <!-- shutdown -->
      </class> <!-- com.qa.zerobank.testcases.LoginPageTestCase -->
    </test> <!-- Default test -->
  </suite> <!-- Default suite -->
</testng-results>
